<?xml version="1.0" encoding="UTF-8"?>
<testsuite xmlns:xsi="http://www.w3.org/2001/XMLSchema-instance" xsi:noNamespaceSchemaLocation="https://maven.apache.org/surefire/maven-surefire-plugin/xsd/surefire-test-report.xsd" version="3.0.2" name="runner.Runner" time="104.314" tests="15" errors="0" skipped="0" failures="0">
  <properties>
    <property name="java.specification.version" value="21"/>
    <property name="sun.cpu.isalist" value="amd64"/>
    <property name="sun.jnu.encoding" value="Cp1252"/>
    <property name="java.class.path" value="C:\Users\janus\Documents\workspace-spring-tool-suite-4-4.23.1.RELEASE\Naaptol_Cucumber\target\test-classes;C:\Users\janus\Documents\workspace-spring-tool-suite-4-4.23.1.RELEASE\Naaptol_Cucumber\target\classes;C:\Users\janus\.m2\repository\io\cucumber\cucumber-testng\7.18.1\cucumber-testng-7.18.1.jar;C:\Users\janus\.m2\repository\org\apiguardian\apiguardian-api\1.1.2\apiguardian-api-1.1.2.jar;C:\Users\janus\.m2\repository\io\cucumber\cucumber-core\7.18.1\cucumber-core-7.18.1.jar;C:\Users\janus\.m2\repository\io\cucumber\cucumber-gherkin\7.18.1\cucumber-gherkin-7.18.1.jar;C:\Users\janus\.m2\repository\io\cucumber\cucumber-gherkin-messages\7.18.1\cucumber-gherkin-messages-7.18.1.jar;C:\Users\janus\.m2\repository\io\cucumber\gherkin\28.0.0\gherkin-28.0.0.jar;C:\Users\janus\.m2\repository\io\cucumber\messages\24.1.0\messages-24.1.0.jar;C:\Users\janus\.m2\repository\io\cucumber\testng-xml-formatter\0.2.0\testng-xml-formatter-0.2.0.jar;C:\Users\janus\.m2\repository\io\cucumber\query\12.2.0\query-12.2.0.jar;C:\Users\janus\.m2\repository\io\cucumber\tag-expressions\6.1.0\tag-expressions-6.1.0.jar;C:\Users\janus\.m2\repository\io\cucumber\cucumber-expressions\17.1.0\cucumber-expressions-17.1.0.jar;C:\Users\janus\.m2\repository\io\cucumber\datatable\7.18.1\datatable-7.18.1.jar;C:\Users\janus\.m2\repository\io\cucumber\cucumber-plugin\7.18.1\cucumber-plugin-7.18.1.jar;C:\Users\janus\.m2\repository\io\cucumber\docstring\7.18.1\docstring-7.18.1.jar;C:\Users\janus\.m2\repository\io\cucumber\html-formatter\21.4.1\html-formatter-21.4.1.jar;C:\Users\janus\.m2\repository\io\cucumber\junit-xml-formatter\0.5.0\junit-xml-formatter-0.5.0.jar;C:\Users\janus\.m2\repository\io\cucumber\ci-environment\10.0.1\ci-environment-10.0.1.jar;C:\Users\janus\.m2\repository\org\testng\testng\7.10.2\testng-7.10.2.jar;C:\Users\janus\.m2\repository\com\beust\jcommander\1.82\jcommander-1.82.jar;C:\Users\janus\.m2\repository\org\webjars\jquery\3.7.1\jquery-3.7.1.jar;C:\Users\janus\.m2\repository\org\seleniumhq\selenium\selenium-java\4.23.0\selenium-java-4.23.0.jar;C:\Users\janus\.m2\repository\org\seleniumhq\selenium\selenium-api\4.23.0\selenium-api-4.23.0.jar;C:\Users\janus\.m2\repository\org\seleniumhq\selenium\selenium-chrome-driver\4.23.0\selenium-chrome-driver-4.23.0.jar;C:\Users\janus\.m2\repository\com\google\auto\service\auto-service-annotations\1.1.1\auto-service-annotations-1.1.1.jar;C:\Users\janus\.m2\repository\org\seleniumhq\selenium\selenium-chromium-driver\4.23.0\selenium-chromium-driver-4.23.0.jar;C:\Users\janus\.m2\repository\org\seleniumhq\selenium\selenium-json\4.23.0\selenium-json-4.23.0.jar;C:\Users\janus\.m2\repository\org\seleniumhq\selenium\selenium-manager\4.23.0\selenium-manager-4.23.0.jar;C:\Users\janus\.m2\repository\org\seleniumhq\selenium\selenium-devtools-v125\4.23.0\selenium-devtools-v125-4.23.0.jar;C:\Users\janus\.m2\repository\org\seleniumhq\selenium\selenium-devtools-v126\4.23.0\selenium-devtools-v126-4.23.0.jar;C:\Users\janus\.m2\repository\org\seleniumhq\selenium\selenium-devtools-v127\4.23.0\selenium-devtools-v127-4.23.0.jar;C:\Users\janus\.m2\repository\org\seleniumhq\selenium\selenium-devtools-v85\4.23.0\selenium-devtools-v85-4.23.0.jar;C:\Users\janus\.m2\repository\org\seleniumhq\selenium\selenium-edge-driver\4.23.0\selenium-edge-driver-4.23.0.jar;C:\Users\janus\.m2\repository\org\seleniumhq\selenium\selenium-firefox-driver\4.23.0\selenium-firefox-driver-4.23.0.jar;C:\Users\janus\.m2\repository\org\seleniumhq\selenium\selenium-http\4.23.0\selenium-http-4.23.0.jar;C:\Users\janus\.m2\repository\dev\failsafe\failsafe\3.3.2\failsafe-3.3.2.jar;C:\Users\janus\.m2\repository\org\seleniumhq\selenium\selenium-ie-driver\4.23.0\selenium-ie-driver-4.23.0.jar;C:\Users\janus\.m2\repository\org\seleniumhq\selenium\selenium-remote-driver\4.23.0\selenium-remote-driver-4.23.0.jar;C:\Users\janus\.m2\repository\com\google\guava\guava\33.2.1-jre\guava-33.2.1-jre.jar;C:\Users\janus\.m2\repository\com\google\guava\failureaccess\1.0.2\failureaccess-1.0.2.jar;C:\Users\janus\.m2\repository\com\google\guava\listenablefuture\9999.0-empty-to-avoid-conflict-with-guava\listenablefuture-9999.0-empty-to-avoid-conflict-with-guava.jar;C:\Users\janus\.m2\repository\com\google\code\findbugs\jsr305\3.0.2\jsr305-3.0.2.jar;C:\Users\janus\.m2\repository\org\checkerframework\checker-qual\3.42.0\checker-qual-3.42.0.jar;C:\Users\janus\.m2\repository\com\google\errorprone\error_prone_annotations\2.26.1\error_prone_annotations-2.26.1.jar;C:\Users\janus\.m2\repository\com\google\j2objc\j2objc-annotations\3.0.0\j2objc-annotations-3.0.0.jar;C:\Users\janus\.m2\repository\io\opentelemetry\semconv\opentelemetry-semconv\1.25.0-alpha\opentelemetry-semconv-1.25.0-alpha.jar;C:\Users\janus\.m2\repository\io\opentelemetry\opentelemetry-api\1.40.0\opentelemetry-api-1.40.0.jar;C:\Users\janus\.m2\repository\io\opentelemetry\opentelemetry-context\1.40.0\opentelemetry-context-1.40.0.jar;C:\Users\janus\.m2\repository\io\opentelemetry\opentelemetry-exporter-logging\1.40.0\opentelemetry-exporter-logging-1.40.0.jar;C:\Users\janus\.m2\repository\io\opentelemetry\opentelemetry-sdk-common\1.40.0\opentelemetry-sdk-common-1.40.0.jar;C:\Users\janus\.m2\repository\io\opentelemetry\opentelemetry-sdk-extension-autoconfigure-spi\1.40.0\opentelemetry-sdk-extension-autoconfigure-spi-1.40.0.jar;C:\Users\janus\.m2\repository\io\opentelemetry\opentelemetry-sdk-extension-autoconfigure\1.40.0\opentelemetry-sdk-extension-autoconfigure-1.40.0.jar;C:\Users\janus\.m2\repository\io\opentelemetry\opentelemetry-api-incubator\1.40.0-alpha\opentelemetry-api-incubator-1.40.0-alpha.jar;C:\Users\janus\.m2\repository\io\opentelemetry\opentelemetry-sdk-trace\1.40.0\opentelemetry-sdk-trace-1.40.0.jar;C:\Users\janus\.m2\repository\io\opentelemetry\opentelemetry-sdk\1.40.0\opentelemetry-sdk-1.40.0.jar;C:\Users\janus\.m2\repository\io\opentelemetry\opentelemetry-sdk-metrics\1.40.0\opentelemetry-sdk-metrics-1.40.0.jar;C:\Users\janus\.m2\repository\io\opentelemetry\opentelemetry-sdk-logs\1.40.0\opentelemetry-sdk-logs-1.40.0.jar;C:\Users\janus\.m2\repository\net\bytebuddy\byte-buddy\1.14.18\byte-buddy-1.14.18.jar;C:\Users\janus\.m2\repository\org\seleniumhq\selenium\selenium-os\4.23.0\selenium-os-4.23.0.jar;C:\Users\janus\.m2\repository\org\apache\commons\commons-exec\1.4.0\commons-exec-1.4.0.jar;C:\Users\janus\.m2\repository\org\seleniumhq\selenium\selenium-safari-driver\4.23.0\selenium-safari-driver-4.23.0.jar;C:\Users\janus\.m2\repository\org\seleniumhq\selenium\selenium-support\4.23.0\selenium-support-4.23.0.jar;C:\Users\janus\.m2\repository\io\cucumber\cucumber-java\7.18.1\cucumber-java-7.18.1.jar;C:\Users\janus\.m2\repository\org\apache\maven\maven-core\4.0.0-beta-3\maven-core-4.0.0-beta-3.jar;C:\Users\janus\.m2\repository\org\apache\maven\maven-di\4.0.0-beta-3\maven-di-4.0.0-beta-3.jar;C:\Users\janus\.m2\repository\org\apache\maven\maven-api-di\4.0.0-beta-3\maven-api-di-4.0.0-beta-3.jar;C:\Users\janus\.m2\repository\org\apache\maven\maven-api-meta\4.0.0-beta-3\maven-api-meta-4.0.0-beta-3.jar;C:\Users\janus\.m2\repository\org\apache\maven\maven-model\4.0.0-beta-3\maven-model-4.0.0-beta-3.jar;C:\Users\janus\.m2\repository\org\apache\maven\maven-api-model\4.0.0-beta-3\maven-api-model-4.0.0-beta-3.jar;C:\Users\janus\.m2\repository\org\apache\maven\maven-api-xml\4.0.0-beta-3\maven-api-xml-4.0.0-beta-3.jar;C:\Users\janus\.m2\repository\org\codehaus\plexus\plexus-xml\4.0.4\plexus-xml-4.0.4.jar;C:\Users\janus\.m2\repository\org\apache\maven\maven-settings\4.0.0-beta-3\maven-settings-4.0.0-beta-3.jar;C:\Users\janus\.m2\repository\org\apache\maven\maven-api-settings\4.0.0-beta-3\maven-api-settings-4.0.0-beta-3.jar;C:\Users\janus\.m2\repository\org\apache\maven\maven-xml-impl\4.0.0-beta-3\maven-xml-impl-4.0.0-beta-3.jar;C:\Users\janus\.m2\repository\com\fasterxml\woodstox\woodstox-core\6.6.2\woodstox-core-6.6.2.jar;C:\Users\janus\.m2\repository\org\codehaus\woodstox\stax2-api\4.2.1\stax2-api-4.2.1.jar;C:\Users\janus\.m2\repository\org\apache\maven\maven-settings-builder\4.0.0-beta-3\maven-settings-builder-4.0.0-beta-3.jar;C:\Users\janus\.m2\repository\org\apache\maven\maven-builder-support\4.0.0-beta-3\maven-builder-support-4.0.0-beta-3.jar;C:\Users\janus\.m2\repository\org\codehaus\plexus\plexus-sec-dispatcher\2.0\plexus-sec-dispatcher-2.0.jar;C:\Users\janus\.m2\repository\org\codehaus\plexus\plexus-utils\3.4.1\plexus-utils-3.4.1.jar;C:\Users\janus\.m2\repository\javax\inject\javax.inject\1\javax.inject-1.jar;C:\Users\janus\.m2\repository\org\codehaus\plexus\plexus-cipher\2.0\plexus-cipher-2.0.jar;C:\Users\janus\.m2\repository\org\apache\maven\maven-toolchain-model\4.0.0-beta-3\maven-toolchain-model-4.0.0-beta-3.jar;C:\Users\janus\.m2\repository\org\apache\maven\maven-api-toolchain\4.0.0-beta-3\maven-api-toolchain-4.0.0-beta-3.jar;C:\Users\janus\.m2\repository\org\apache\maven\maven-toolchain-builder\4.0.0-beta-3\maven-toolchain-builder-4.0.0-beta-3.jar;C:\Users\janus\.m2\repository\org\codehaus\plexus\plexus-interpolation\1.27\plexus-interpolation-1.27.jar;C:\Users\janus\.m2\repository\org\apache\maven\maven-repository-metadata\4.0.0-beta-3\maven-repository-metadata-4.0.0-beta-3.jar;C:\Users\janus\.m2\repository\org\apache\maven\maven-api-metadata\4.0.0-beta-3\maven-api-metadata-4.0.0-beta-3.jar;C:\Users\janus\.m2\repository\org\apache\maven\maven-artifact\4.0.0-beta-3\maven-artifact-4.0.0-beta-3.jar;C:\Users\janus\.m2\repository\org\apache\maven\maven-plugin-api\4.0.0-beta-3\maven-plugin-api-4.0.0-beta-3.jar;C:\Users\janus\.m2\repository\org\apache\maven\maven-api-plugin\4.0.0-beta-3\maven-api-plugin-4.0.0-beta-3.jar;C:\Users\janus\.m2\repository\org\eclipse\sisu\org.eclipse.sisu.plexus\0.9.0.M2\org.eclipse.sisu.plexus-0.9.0.M2.jar;C:\Users\janus\.m2\repository\org\apache\maven\maven-model-builder\4.0.0-beta-3\maven-model-builder-4.0.0-beta-3.jar;C:\Users\janus\.m2\repository\org\apache\maven\maven-resolver-provider\4.0.0-beta-3\maven-resolver-provider-4.0.0-beta-3.jar;C:\Users\janus\.m2\repository\org\apache\maven\resolver\maven-resolver-connector-basic\2.0.0-alpha-11\maven-resolver-connector-basic-2.0.0-alpha-11.jar;C:\Users\janus\.m2\repository\org\apache\maven\resolver\maven-resolver-transport-file\2.0.0-alpha-11\maven-resolver-transport-file-2.0.0-alpha-11.jar;C:\Users\janus\.m2\repository\org\apache\maven\resolver\maven-resolver-transport-apache\2.0.0-alpha-11\maven-resolver-transport-apache-2.0.0-alpha-11.jar;C:\Users\janus\.m2\repository\org\apache\httpcomponents\httpclient\4.5.14\httpclient-4.5.14.jar;C:\Users\janus\.m2\repository\org\apache\httpcomponents\httpcore\4.4.16\httpcore-4.4.16.jar;C:\Users\janus\.m2\repository\commons-codec\commons-codec\1.16.1\commons-codec-1.16.1.jar;C:\Users\janus\.m2\repository\org\slf4j\jcl-over-slf4j\2.0.13\jcl-over-slf4j-2.0.13.jar;C:\Users\janus\.m2\repository\org\apache\maven\maven-api-core\4.0.0-beta-3\maven-api-core-4.0.0-beta-3.jar;C:\Users\janus\.m2\repository\org\apache\maven\maven-api-spi\4.0.0-beta-3\maven-api-spi-4.0.0-beta-3.jar;C:\Users\janus\.m2\repository\org\apache\maven\maven-api-impl\4.0.0-beta-3\maven-api-impl-4.0.0-beta-3.jar;C:\Users\janus\.m2\repository\org\apache\maven\resolver\maven-resolver-api\2.0.0-alpha-11\maven-resolver-api-2.0.0-alpha-11.jar;C:\Users\janus\.m2\repository\org\apache\maven\resolver\maven-resolver-spi\2.0.0-alpha-11\maven-resolver-spi-2.0.0-alpha-11.jar;C:\Users\janus\.m2\repository\org\apache\maven\resolver\maven-resolver-util\2.0.0-alpha-11\maven-resolver-util-2.0.0-alpha-11.jar;C:\Users\janus\.m2\repository\org\apache\maven\resolver\maven-resolver-impl\2.0.0-alpha-11\maven-resolver-impl-2.0.0-alpha-11.jar;C:\Users\janus\.m2\repository\org\apache\maven\resolver\maven-resolver-named-locks\2.0.0-alpha-11\maven-resolver-named-locks-2.0.0-alpha-11.jar;C:\Users\janus\.m2\repository\org\codehaus\plexus\plexus-classworlds\2.8.0\plexus-classworlds-2.8.0.jar;C:\Users\janus\.m2\repository\org\slf4j\slf4j-api\2.0.13\slf4j-api-2.0.13.jar;C:\Users\janus\.m2\repository\commons-io\commons-io\2.16.1\commons-io-2.16.1.jar;"/>
    <property name="java.vm.vendor" value="Oracle Corporation"/>
    <property name="sun.arch.data.model" value="64"/>
    <property name="user.variant" value=""/>
    <property name="java.vendor.url" value="https://java.oracle.com/"/>
    <property name="user.timezone" value="Asia/Calcutta"/>
    <property name="os.name" value="Windows 11"/>
    <property name="java.vm.specification.version" value="21"/>
    <property name="sun.java.launcher" value="SUN_STANDARD"/>
    <property name="user.country" value="IN"/>
    <property name="sun.boot.library.path" value="C:\Program Files\Java\jdk-21\bin"/>
    <property name="sun.java.command" value="C:\Users\janus\AppData\Local\Temp\surefire17856437217756880608\surefirebooter-20240901172545037_3.jar C:\Users\janus\AppData\Local\Temp\surefire17856437217756880608 2024-09-01T17-25-43_694-jvmRun1 surefire-20240901172545037_1tmp surefire_0-20240901172545037_2tmp"/>
    <property name="jdk.debug" value="release"/>
    <property name="surefire.test.class.path" value="C:\Users\janus\Documents\workspace-spring-tool-suite-4-4.23.1.RELEASE\Naaptol_Cucumber\target\test-classes;C:\Users\janus\Documents\workspace-spring-tool-suite-4-4.23.1.RELEASE\Naaptol_Cucumber\target\classes;C:\Users\janus\.m2\repository\io\cucumber\cucumber-testng\7.18.1\cucumber-testng-7.18.1.jar;C:\Users\janus\.m2\repository\org\apiguardian\apiguardian-api\1.1.2\apiguardian-api-1.1.2.jar;C:\Users\janus\.m2\repository\io\cucumber\cucumber-core\7.18.1\cucumber-core-7.18.1.jar;C:\Users\janus\.m2\repository\io\cucumber\cucumber-gherkin\7.18.1\cucumber-gherkin-7.18.1.jar;C:\Users\janus\.m2\repository\io\cucumber\cucumber-gherkin-messages\7.18.1\cucumber-gherkin-messages-7.18.1.jar;C:\Users\janus\.m2\repository\io\cucumber\gherkin\28.0.0\gherkin-28.0.0.jar;C:\Users\janus\.m2\repository\io\cucumber\messages\24.1.0\messages-24.1.0.jar;C:\Users\janus\.m2\repository\io\cucumber\testng-xml-formatter\0.2.0\testng-xml-formatter-0.2.0.jar;C:\Users\janus\.m2\repository\io\cucumber\query\12.2.0\query-12.2.0.jar;C:\Users\janus\.m2\repository\io\cucumber\tag-expressions\6.1.0\tag-expressions-6.1.0.jar;C:\Users\janus\.m2\repository\io\cucumber\cucumber-expressions\17.1.0\cucumber-expressions-17.1.0.jar;C:\Users\janus\.m2\repository\io\cucumber\datatable\7.18.1\datatable-7.18.1.jar;C:\Users\janus\.m2\repository\io\cucumber\cucumber-plugin\7.18.1\cucumber-plugin-7.18.1.jar;C:\Users\janus\.m2\repository\io\cucumber\docstring\7.18.1\docstring-7.18.1.jar;C:\Users\janus\.m2\repository\io\cucumber\html-formatter\21.4.1\html-formatter-21.4.1.jar;C:\Users\janus\.m2\repository\io\cucumber\junit-xml-formatter\0.5.0\junit-xml-formatter-0.5.0.jar;C:\Users\janus\.m2\repository\io\cucumber\ci-environment\10.0.1\ci-environment-10.0.1.jar;C:\Users\janus\.m2\repository\org\testng\testng\7.10.2\testng-7.10.2.jar;C:\Users\janus\.m2\repository\com\beust\jcommander\1.82\jcommander-1.82.jar;C:\Users\janus\.m2\repository\org\webjars\jquery\3.7.1\jquery-3.7.1.jar;C:\Users\janus\.m2\repository\org\seleniumhq\selenium\selenium-java\4.23.0\selenium-java-4.23.0.jar;C:\Users\janus\.m2\repository\org\seleniumhq\selenium\selenium-api\4.23.0\selenium-api-4.23.0.jar;C:\Users\janus\.m2\repository\org\seleniumhq\selenium\selenium-chrome-driver\4.23.0\selenium-chrome-driver-4.23.0.jar;C:\Users\janus\.m2\repository\com\google\auto\service\auto-service-annotations\1.1.1\auto-service-annotations-1.1.1.jar;C:\Users\janus\.m2\repository\org\seleniumhq\selenium\selenium-chromium-driver\4.23.0\selenium-chromium-driver-4.23.0.jar;C:\Users\janus\.m2\repository\org\seleniumhq\selenium\selenium-json\4.23.0\selenium-json-4.23.0.jar;C:\Users\janus\.m2\repository\org\seleniumhq\selenium\selenium-manager\4.23.0\selenium-manager-4.23.0.jar;C:\Users\janus\.m2\repository\org\seleniumhq\selenium\selenium-devtools-v125\4.23.0\selenium-devtools-v125-4.23.0.jar;C:\Users\janus\.m2\repository\org\seleniumhq\selenium\selenium-devtools-v126\4.23.0\selenium-devtools-v126-4.23.0.jar;C:\Users\janus\.m2\repository\org\seleniumhq\selenium\selenium-devtools-v127\4.23.0\selenium-devtools-v127-4.23.0.jar;C:\Users\janus\.m2\repository\org\seleniumhq\selenium\selenium-devtools-v85\4.23.0\selenium-devtools-v85-4.23.0.jar;C:\Users\janus\.m2\repository\org\seleniumhq\selenium\selenium-edge-driver\4.23.0\selenium-edge-driver-4.23.0.jar;C:\Users\janus\.m2\repository\org\seleniumhq\selenium\selenium-firefox-driver\4.23.0\selenium-firefox-driver-4.23.0.jar;C:\Users\janus\.m2\repository\org\seleniumhq\selenium\selenium-http\4.23.0\selenium-http-4.23.0.jar;C:\Users\janus\.m2\repository\dev\failsafe\failsafe\3.3.2\failsafe-3.3.2.jar;C:\Users\janus\.m2\repository\org\seleniumhq\selenium\selenium-ie-driver\4.23.0\selenium-ie-driver-4.23.0.jar;C:\Users\janus\.m2\repository\org\seleniumhq\selenium\selenium-remote-driver\4.23.0\selenium-remote-driver-4.23.0.jar;C:\Users\janus\.m2\repository\com\google\guava\guava\33.2.1-jre\guava-33.2.1-jre.jar;C:\Users\janus\.m2\repository\com\google\guava\failureaccess\1.0.2\failureaccess-1.0.2.jar;C:\Users\janus\.m2\repository\com\google\guava\listenablefuture\9999.0-empty-to-avoid-conflict-with-guava\listenablefuture-9999.0-empty-to-avoid-conflict-with-guava.jar;C:\Users\janus\.m2\repository\com\google\code\findbugs\jsr305\3.0.2\jsr305-3.0.2.jar;C:\Users\janus\.m2\repository\org\checkerframework\checker-qual\3.42.0\checker-qual-3.42.0.jar;C:\Users\janus\.m2\repository\com\google\errorprone\error_prone_annotations\2.26.1\error_prone_annotations-2.26.1.jar;C:\Users\janus\.m2\repository\com\google\j2objc\j2objc-annotations\3.0.0\j2objc-annotations-3.0.0.jar;C:\Users\janus\.m2\repository\io\opentelemetry\semconv\opentelemetry-semconv\1.25.0-alpha\opentelemetry-semconv-1.25.0-alpha.jar;C:\Users\janus\.m2\repository\io\opentelemetry\opentelemetry-api\1.40.0\opentelemetry-api-1.40.0.jar;C:\Users\janus\.m2\repository\io\opentelemetry\opentelemetry-context\1.40.0\opentelemetry-context-1.40.0.jar;C:\Users\janus\.m2\repository\io\opentelemetry\opentelemetry-exporter-logging\1.40.0\opentelemetry-exporter-logging-1.40.0.jar;C:\Users\janus\.m2\repository\io\opentelemetry\opentelemetry-sdk-common\1.40.0\opentelemetry-sdk-common-1.40.0.jar;C:\Users\janus\.m2\repository\io\opentelemetry\opentelemetry-sdk-extension-autoconfigure-spi\1.40.0\opentelemetry-sdk-extension-autoconfigure-spi-1.40.0.jar;C:\Users\janus\.m2\repository\io\opentelemetry\opentelemetry-sdk-extension-autoconfigure\1.40.0\opentelemetry-sdk-extension-autoconfigure-1.40.0.jar;C:\Users\janus\.m2\repository\io\opentelemetry\opentelemetry-api-incubator\1.40.0-alpha\opentelemetry-api-incubator-1.40.0-alpha.jar;C:\Users\janus\.m2\repository\io\opentelemetry\opentelemetry-sdk-trace\1.40.0\opentelemetry-sdk-trace-1.40.0.jar;C:\Users\janus\.m2\repository\io\opentelemetry\opentelemetry-sdk\1.40.0\opentelemetry-sdk-1.40.0.jar;C:\Users\janus\.m2\repository\io\opentelemetry\opentelemetry-sdk-metrics\1.40.0\opentelemetry-sdk-metrics-1.40.0.jar;C:\Users\janus\.m2\repository\io\opentelemetry\opentelemetry-sdk-logs\1.40.0\opentelemetry-sdk-logs-1.40.0.jar;C:\Users\janus\.m2\repository\net\bytebuddy\byte-buddy\1.14.18\byte-buddy-1.14.18.jar;C:\Users\janus\.m2\repository\org\seleniumhq\selenium\selenium-os\4.23.0\selenium-os-4.23.0.jar;C:\Users\janus\.m2\repository\org\apache\commons\commons-exec\1.4.0\commons-exec-1.4.0.jar;C:\Users\janus\.m2\repository\org\seleniumhq\selenium\selenium-safari-driver\4.23.0\selenium-safari-driver-4.23.0.jar;C:\Users\janus\.m2\repository\org\seleniumhq\selenium\selenium-support\4.23.0\selenium-support-4.23.0.jar;C:\Users\janus\.m2\repository\io\cucumber\cucumber-java\7.18.1\cucumber-java-7.18.1.jar;C:\Users\janus\.m2\repository\org\apache\maven\maven-core\4.0.0-beta-3\maven-core-4.0.0-beta-3.jar;C:\Users\janus\.m2\repository\org\apache\maven\maven-di\4.0.0-beta-3\maven-di-4.0.0-beta-3.jar;C:\Users\janus\.m2\repository\org\apache\maven\maven-api-di\4.0.0-beta-3\maven-api-di-4.0.0-beta-3.jar;C:\Users\janus\.m2\repository\org\apache\maven\maven-api-meta\4.0.0-beta-3\maven-api-meta-4.0.0-beta-3.jar;C:\Users\janus\.m2\repository\org\apache\maven\maven-model\4.0.0-beta-3\maven-model-4.0.0-beta-3.jar;C:\Users\janus\.m2\repository\org\apache\maven\maven-api-model\4.0.0-beta-3\maven-api-model-4.0.0-beta-3.jar;C:\Users\janus\.m2\repository\org\apache\maven\maven-api-xml\4.0.0-beta-3\maven-api-xml-4.0.0-beta-3.jar;C:\Users\janus\.m2\repository\org\codehaus\plexus\plexus-xml\4.0.4\plexus-xml-4.0.4.jar;C:\Users\janus\.m2\repository\org\apache\maven\maven-settings\4.0.0-beta-3\maven-settings-4.0.0-beta-3.jar;C:\Users\janus\.m2\repository\org\apache\maven\maven-api-settings\4.0.0-beta-3\maven-api-settings-4.0.0-beta-3.jar;C:\Users\janus\.m2\repository\org\apache\maven\maven-xml-impl\4.0.0-beta-3\maven-xml-impl-4.0.0-beta-3.jar;C:\Users\janus\.m2\repository\com\fasterxml\woodstox\woodstox-core\6.6.2\woodstox-core-6.6.2.jar;C:\Users\janus\.m2\repository\org\codehaus\woodstox\stax2-api\4.2.1\stax2-api-4.2.1.jar;C:\Users\janus\.m2\repository\org\apache\maven\maven-settings-builder\4.0.0-beta-3\maven-settings-builder-4.0.0-beta-3.jar;C:\Users\janus\.m2\repository\org\apache\maven\maven-builder-support\4.0.0-beta-3\maven-builder-support-4.0.0-beta-3.jar;C:\Users\janus\.m2\repository\org\codehaus\plexus\plexus-sec-dispatcher\2.0\plexus-sec-dispatcher-2.0.jar;C:\Users\janus\.m2\repository\org\codehaus\plexus\plexus-utils\3.4.1\plexus-utils-3.4.1.jar;C:\Users\janus\.m2\repository\javax\inject\javax.inject\1\javax.inject-1.jar;C:\Users\janus\.m2\repository\org\codehaus\plexus\plexus-cipher\2.0\plexus-cipher-2.0.jar;C:\Users\janus\.m2\repository\org\apache\maven\maven-toolchain-model\4.0.0-beta-3\maven-toolchain-model-4.0.0-beta-3.jar;C:\Users\janus\.m2\repository\org\apache\maven\maven-api-toolchain\4.0.0-beta-3\maven-api-toolchain-4.0.0-beta-3.jar;C:\Users\janus\.m2\repository\org\apache\maven\maven-toolchain-builder\4.0.0-beta-3\maven-toolchain-builder-4.0.0-beta-3.jar;C:\Users\janus\.m2\repository\org\codehaus\plexus\plexus-interpolation\1.27\plexus-interpolation-1.27.jar;C:\Users\janus\.m2\repository\org\apache\maven\maven-repository-metadata\4.0.0-beta-3\maven-repository-metadata-4.0.0-beta-3.jar;C:\Users\janus\.m2\repository\org\apache\maven\maven-api-metadata\4.0.0-beta-3\maven-api-metadata-4.0.0-beta-3.jar;C:\Users\janus\.m2\repository\org\apache\maven\maven-artifact\4.0.0-beta-3\maven-artifact-4.0.0-beta-3.jar;C:\Users\janus\.m2\repository\org\apache\maven\maven-plugin-api\4.0.0-beta-3\maven-plugin-api-4.0.0-beta-3.jar;C:\Users\janus\.m2\repository\org\apache\maven\maven-api-plugin\4.0.0-beta-3\maven-api-plugin-4.0.0-beta-3.jar;C:\Users\janus\.m2\repository\org\eclipse\sisu\org.eclipse.sisu.plexus\0.9.0.M2\org.eclipse.sisu.plexus-0.9.0.M2.jar;C:\Users\janus\.m2\repository\org\apache\maven\maven-model-builder\4.0.0-beta-3\maven-model-builder-4.0.0-beta-3.jar;C:\Users\janus\.m2\repository\org\apache\maven\maven-resolver-provider\4.0.0-beta-3\maven-resolver-provider-4.0.0-beta-3.jar;C:\Users\janus\.m2\repository\org\apache\maven\resolver\maven-resolver-connector-basic\2.0.0-alpha-11\maven-resolver-connector-basic-2.0.0-alpha-11.jar;C:\Users\janus\.m2\repository\org\apache\maven\resolver\maven-resolver-transport-file\2.0.0-alpha-11\maven-resolver-transport-file-2.0.0-alpha-11.jar;C:\Users\janus\.m2\repository\org\apache\maven\resolver\maven-resolver-transport-apache\2.0.0-alpha-11\maven-resolver-transport-apache-2.0.0-alpha-11.jar;C:\Users\janus\.m2\repository\org\apache\httpcomponents\httpclient\4.5.14\httpclient-4.5.14.jar;C:\Users\janus\.m2\repository\org\apache\httpcomponents\httpcore\4.4.16\httpcore-4.4.16.jar;C:\Users\janus\.m2\repository\commons-codec\commons-codec\1.16.1\commons-codec-1.16.1.jar;C:\Users\janus\.m2\repository\org\slf4j\jcl-over-slf4j\2.0.13\jcl-over-slf4j-2.0.13.jar;C:\Users\janus\.m2\repository\org\apache\maven\maven-api-core\4.0.0-beta-3\maven-api-core-4.0.0-beta-3.jar;C:\Users\janus\.m2\repository\org\apache\maven\maven-api-spi\4.0.0-beta-3\maven-api-spi-4.0.0-beta-3.jar;C:\Users\janus\.m2\repository\org\apache\maven\maven-api-impl\4.0.0-beta-3\maven-api-impl-4.0.0-beta-3.jar;C:\Users\janus\.m2\repository\org\apache\maven\resolver\maven-resolver-api\2.0.0-alpha-11\maven-resolver-api-2.0.0-alpha-11.jar;C:\Users\janus\.m2\repository\org\apache\maven\resolver\maven-resolver-spi\2.0.0-alpha-11\maven-resolver-spi-2.0.0-alpha-11.jar;C:\Users\janus\.m2\repository\org\apache\maven\resolver\maven-resolver-util\2.0.0-alpha-11\maven-resolver-util-2.0.0-alpha-11.jar;C:\Users\janus\.m2\repository\org\apache\maven\resolver\maven-resolver-impl\2.0.0-alpha-11\maven-resolver-impl-2.0.0-alpha-11.jar;C:\Users\janus\.m2\repository\org\apache\maven\resolver\maven-resolver-named-locks\2.0.0-alpha-11\maven-resolver-named-locks-2.0.0-alpha-11.jar;C:\Users\janus\.m2\repository\org\codehaus\plexus\plexus-classworlds\2.8.0\plexus-classworlds-2.8.0.jar;C:\Users\janus\.m2\repository\org\slf4j\slf4j-api\2.0.13\slf4j-api-2.0.13.jar;C:\Users\janus\.m2\repository\commons-io\commons-io\2.16.1\commons-io-2.16.1.jar;"/>
    <property name="sun.cpu.endian" value="little"/>
    <property name="user.home" value="C:\Users\janus"/>
    <property name="user.language" value="en"/>
    <property name="java.specification.vendor" value="Oracle Corporation"/>
    <property name="java.version.date" value="2024-07-16"/>
    <property name="java.home" value="C:\Program Files\Java\jdk-21"/>
    <property name="file.separator" value="\"/>
    <property name="basedir" value="C:\Users\janus\Documents\workspace-spring-tool-suite-4-4.23.1.RELEASE\Naaptol_Cucumber"/>
    <property name="java.vm.compressedOopsMode" value="32-bit"/>
    <property name="line.separator" value="&#10;"/>
    <property name="java.vm.specification.vendor" value="Oracle Corporation"/>
    <property name="java.specification.name" value="Java Platform API Specification"/>
    <property name="surefire.real.class.path" value="C:\Users\janus\AppData\Local\Temp\surefire17856437217756880608\surefirebooter-20240901172545037_3.jar"/>
    <property name="user.script" value=""/>
    <property name="sun.management.compiler" value="HotSpot 64-Bit Tiered Compilers"/>
    <property name="java.runtime.version" value="21.0.4+8-LTS-274"/>
    <property name="user.name" value="janus"/>
    <property name="stdout.encoding" value="Cp1252"/>
    <property name="path.separator" value=";"/>
    <property name="os.version" value="10.0"/>
    <property name="java.runtime.name" value="Java(TM) SE Runtime Environment"/>
    <property name="file.encoding" value="UTF-8"/>
    <property name="java.vm.name" value="Java HotSpot(TM) 64-Bit Server VM"/>
    <property name="localRepository" value="C:\Users\janus\.m2\repository"/>
    <property name="java.vendor.url.bug" value="https://bugreport.java.com/bugreport/"/>
    <property name="java.io.tmpdir" value="C:\Users\janus\AppData\Local\Temp\"/>
    <property name="java.version" value="21.0.4"/>
    <property name="user.dir" value="C:\Users\janus\Documents\workspace-spring-tool-suite-4-4.23.1.RELEASE\Naaptol_Cucumber"/>
    <property name="os.arch" value="amd64"/>
    <property name="java.vm.specification.name" value="Java Virtual Machine Specification"/>
    <property name="sun.os.patch.level" value=""/>
    <property name="native.encoding" value="Cp1252"/>
    <property name="java.library.path" value="C:\Program Files\Java\jdk-21\bin;C:\WINDOWS\Sun\Java\bin;C:\WINDOWS\system32;C:\WINDOWS;C:\Program Files\Java\jdk-21\bin;C:\Program Files\Common Files\Oracle\Java\javapath;C:\WINDOWS\system32;C:\WINDOWS;C:\WINDOWS\System32\Wbem;C:\WINDOWS\System32\WindowsPowerShell\v1.0\;C:\WINDOWS\System32\OpenSSH\;C:\Program Files\nodejs\;C:\Program Files\Git\cmd;C:\Program Files\MySQL\MySQL Shell 8.0\bin\;C:\Users\janus\Downloads\apache-maven-3.9.8-bin\apache-maven-3.9.8\bin;C:\Program Files\Java\jdk-21\bin;C:\Users\janus\AppData\Local\Programs\Python\Python311\Scripts\;C:\Users\janus\AppData\Local\Programs\Python\Python311\;C:\Users\janus\AppData\Local\Microsoft\WindowsApps;C:\Users\janus\AppData\Local\Programs\Microsoft VS Code\bin;C:\Program Files\Java\jdk-11.0.1\bin;C:\Program Files\Java\jdk-17\bin;C:\Users\janus\AppData\Roaming\npm;C:\Users\janus\Desktop\JavaScript;;."/>
    <property name="java.vm.info" value="mixed mode, sharing"/>
    <property name="stderr.encoding" value="Cp1252"/>
    <property name="java.vendor" value="Oracle Corporation"/>
    <property name="java.vm.version" value="21.0.4+8-LTS-274"/>
    <property name="sun.io.unicode.encoding" value="UnicodeLittle"/>
    <property name="java.class.version" value="65.0"/>
  </properties>
  <testcase name="runScenario[&quot;User should move to BedSheets page&quot;, &quot;BedSheeets&quot;](1)" classname="runner.Runner" time="8.337">
    <system-err><![CDATA[SLF4J(W): No SLF4J providers were found.
SLF4J(W): Defaulting to no-operation (NOP) logger implementation
SLF4J(W): See https://www.slf4j.org/codes.html#noProviders for further details.
Sept 01, 2024 5:25:50 PM org.openqa.selenium.devtools.CdpVersionFinder findNearestMatch
WARNING: Unable to find an exact match for CDP version 128, returning the closest version; found: 127; Please update to a Selenium version that supports CDP version 128
]]></system-err>
  </testcase>
  <testcase name="runScenario[&quot;User should able click on checkbox&quot;, &quot;BedSheeets&quot;](2)" classname="runner.Runner" time="6.183">
    <system-err><![CDATA[Sept 01, 2024 5:25:57 PM org.openqa.selenium.devtools.CdpVersionFinder findNearestMatch
WARNING: Unable to find an exact match for CDP version 128, returning the closest version; found: 127; Please update to a Selenium version that supports CDP version 128
]]></system-err>
  </testcase>
  <testcase name="runScenario[&quot;User should able add products to wishlist&quot;, &quot;BedSheeets&quot;](3)" classname="runner.Runner" time="6.053">
    <system-err><![CDATA[Sept 01, 2024 5:26:03 PM org.openqa.selenium.devtools.CdpVersionFinder findNearestMatch
WARNING: Unable to find an exact match for CDP version 128, returning the closest version; found: 127; Please update to a Selenium version that supports CDP version 128
]]></system-err>
  </testcase>
  <testcase name="runScenario[&quot;User should able to Sort products&quot;, &quot;BedSheeets&quot;](4)" classname="runner.Runner" time="6.672">
    <system-err><![CDATA[Sept 01, 2024 5:26:10 PM org.openqa.selenium.devtools.CdpVersionFinder findNearestMatch
WARNING: Unable to find an exact match for CDP version 128, returning the closest version; found: 127; Please update to a Selenium version that supports CDP version 128
]]></system-err>
  </testcase>
  <testcase name="runScenario[&quot;User should able to add product to cart&quot;, &quot;BedSheeets&quot;](5)" classname="runner.Runner" time="8.587">
    <system-err><![CDATA[Sept 01, 2024 5:26:16 PM org.openqa.selenium.devtools.CdpVersionFinder findNearestMatch
WARNING: Unable to find an exact match for CDP version 128, returning the closest version; found: 127; Please update to a Selenium version that supports CDP version 128
]]></system-err>
  </testcase>
  <testcase name="runScenario[&quot;To validate the Bed and Bath Category&quot;, &quot;Bed &amp; Bath feature&quot;](6)" classname="runner.Runner" time="6.397">
    <system-err><![CDATA[Sept 01, 2024 5:26:25 PM org.openqa.selenium.devtools.CdpVersionFinder findNearestMatch
WARNING: Unable to find an exact match for CDP version 128, returning the closest version; found: 127; Please update to a Selenium version that supports CDP version 128
]]></system-err>
  </testcase>
  <testcase name="runScenario[&quot;To validate the Bed and Bath Category&quot;, &quot;Bed &amp; Bath feature&quot;](7)" classname="runner.Runner" time="8.214">
    <system-err><![CDATA[Sept 01, 2024 5:26:31 PM org.openqa.selenium.devtools.CdpVersionFinder findNearestMatch
WARNING: Unable to find an exact match for CDP version 128, returning the closest version; found: 127; Please update to a Selenium version that supports CDP version 128
]]></system-err>
  </testcase>
  <testcase name="runScenario[&quot;To validate the Decor Category&quot;, &quot;Decor&quot;](8)" classname="runner.Runner" time="5.987">
    <system-err><![CDATA[Sept 01, 2024 5:26:39 PM org.openqa.selenium.devtools.CdpVersionFinder findNearestMatch
WARNING: Unable to find an exact match for CDP version 128, returning the closest version; found: 127; Please update to a Selenium version that supports CDP version 128
]]></system-err>
  </testcase>
  <testcase name="runScenario[&quot;To validate the Decor Category&quot;, &quot;Decor&quot;](9)" classname="runner.Runner" time="6.174">
    <system-err><![CDATA[Sept 01, 2024 5:26:45 PM org.openqa.selenium.devtools.CdpVersionFinder findNearestMatch
WARNING: Unable to find an exact match for CDP version 128, returning the closest version; found: 127; Please update to a Selenium version that supports CDP version 128
]]></system-err>
  </testcase>
  <testcase name="runScenario[&quot;To validate the Decor Category&quot;, &quot;Decor&quot;](10)" classname="runner.Runner" time="9.453">
    <system-err><![CDATA[Sept 01, 2024 5:26:51 PM org.openqa.selenium.devtools.CdpVersionFinder findNearestMatch
WARNING: Unable to find an exact match for CDP version 128, returning the closest version; found: 127; Please update to a Selenium version that supports CDP version 128
]]></system-err>
  </testcase>
  <testcase name="runScenario[&quot;User should move to the Diwan sets page&quot;, &quot;DiwanSets feature&quot;](11)" classname="runner.Runner" time="5.537">
    <system-err><![CDATA[Sept 01, 2024 5:27:01 PM org.openqa.selenium.devtools.CdpVersionFinder findNearestMatch
WARNING: Unable to find an exact match for CDP version 128, returning the closest version; found: 127; Please update to a Selenium version that supports CDP version 128
]]></system-err>
  </testcase>
  <testcase name="runScenario[&quot;User should able to click on COD Checkbox&quot;, &quot;DiwanSets feature&quot;](12)" classname="runner.Runner" time="6.003">
    <system-err><![CDATA[Sept 01, 2024 5:27:06 PM org.openqa.selenium.devtools.CdpVersionFinder findNearestMatch
WARNING: Unable to find an exact match for CDP version 128, returning the closest version; found: 127; Please update to a Selenium version that supports CDP version 128
]]></system-err>
  </testcase>
  <testcase name="runScenario[&quot;User should able to click on Free Delivery Checkbox&quot;, &quot;DiwanSets feature&quot;](13)" classname="runner.Runner" time="6.434">
    <system-err><![CDATA[Sept 01, 2024 5:27:13 PM org.openqa.selenium.devtools.CdpVersionFinder findNearestMatch
WARNING: Unable to find an exact match for CDP version 128, returning the closest version; found: 127; Please update to a Selenium version that supports CDP version 128
]]></system-err>
  </testcase>
  <testcase name="runScenario[&quot;User should able to Compare products&quot;, &quot;DiwanSets feature&quot;](14)" classname="runner.Runner" time="5.99">
    <system-err><![CDATA[Sept 01, 2024 5:27:19 PM org.openqa.selenium.devtools.CdpVersionFinder findNearestMatch
WARNING: Unable to find an exact match for CDP version 128, returning the closest version; found: 127; Please update to a Selenium version that supports CDP version 128
]]></system-err>
  </testcase>
  <testcase name="runScenario[&quot;User should able to Sort products&quot;, &quot;DiwanSets feature&quot;](15)" classname="runner.Runner" time="6.415">
    <system-err><![CDATA[Sept 01, 2024 5:27:25 PM org.openqa.selenium.devtools.CdpVersionFinder findNearestMatch
WARNING: Unable to find an exact match for CDP version 128, returning the closest version; found: 127; Please update to a Selenium version that supports CDP version 128
]]></system-err>
  </testcase>
</testsuite>