<?xml version="1.0" encoding="UTF-8"?>
<!-- Generated by org.testng.reporters.JUnitReportReporter -->
<testsuite hostname="SHARP" failures="0" tests="15" name="runner.Runner" time="102.445" errors="0" timestamp="2024-09-01T17:27:30 IST" skipped="0">
  <testcase classname="runner.Runner" name="runScenario" time="6.396"/>
  <testcase classname="runner.Runner" name="runScenario" time="6.191"/>
  <testcase classname="runner.Runner" name="runScenario" time="9.454"/>
  <testcase classname="runner.Runner" name="runScenario" time="5.993"/>
  <testcase classname="runner.Runner" name="runScenario" time="6.052"/>
  <testcase classname="runner.Runner" name="runScenario" time="8.588"/>
  <testcase classname="runner.Runner" name="runScenario" time="6.002"/>
  <testcase classname="runner.Runner" name="runScenario" time="6.432"/>
  <testcase classname="runner.Runner" name="runScenario" time="6.672"/>
  <testcase classname="runner.Runner" name="runScenario" time="8.215"/>
  <testcase classname="runner.Runner" name="runScenario" time="5.987"/>
  <testcase classname="runner.Runner" name="runScenario" time="6.177"/>
  <testcase classname="runner.Runner" name="runScenario" time="6.415"/>
  <testcase classname="runner.Runner" name="runScenario" time="8.335"/>
  <testcase classname="runner.Runner" name="runScenario" time="5.536"/>
</testsuite> <!-- runner.Runner -->
